<?xml version="1.0" encoding="UTF-8"?>
<testsuite xmlns:xsi="http://www.w3.org/2001/XMLSchema-instance" xsi:noNamespaceSchemaLocation="https://maven.apache.org/surefire/maven-surefire-plugin/xsd/surefire-test-report-3.0.xsd" version="3.0" name="com.example.todoList.TodoListApplicationTests" time="0.476" tests="1" errors="0" skipped="0" failures="0">
  <properties>
[...]
</properties>
  <testcase name="contextLoads" classname="com.example.todoList.TodoListApplicationTests" time="0.002">
    <system-out><![CDATA[2023-12-21T11:49:19.094-03:00  INFO 7004 --- [           main] t.c.s.AnnotationConfigContextLoaderUtils : Could not detect default configuration classes for test class [com.example.todoList.TodoListApplicationTests]: TodoListApplicationTests does not declare any static, non-private, non-final, nested classes annotated with @Configuration.
2023-12-21T11:49:19.101-03:00  INFO 7004 --- [           main] .b.t.c.SpringBootTestContextBootstrapper : Found @SpringBootConfiguration com.example.todoList.TodoListApplication for test class com.example.todoList.TodoListApplicationTests
2023-12-21T11:49:19.111-03:00  INFO 7004 --- [           main] o.s.b.d.r.RestartApplicationListener     : Restart disabled due to context in which it is running

  .   ____          _            __ _ _
 /\\ / ___'_ __ _ _(_)_ __  __ _ \ \ \ \
( ( )\___ | '_ | '_| | '_ \/ _` | \ \ \ \
 \\/  ___)| |_)| | | | | || (_| |  ) ) ) )
  '  |____| .__|_| |_|_| |_\__, | / / / /
 =========|_|==============|___/=/_/_/_/
 :: Spring Boot ::                (v3.1.5)

2023-12-21T11:49:19.136-03:00  INFO 7004 --- [           main] c.e.todoList.TodoListApplicationTests    : Starting TodoListApplicationTests using Java 17.0.6 with PID 7004 (started by Nico Morales in C:\Users\Nico Morales\Documents\NetBeansProjects\todoList)
2023-12-21T11:49:19.136-03:00  INFO 7004 --- [           main] c.e.todoList.TodoListApplicationTests    : No active profile set, falling back to 1 default profile: "default"
2023-12-21T11:49:19.301-03:00  INFO 7004 --- [           main] .s.d.r.c.RepositoryConfigurationDelegate : Bootstrapping Spring Data JPA repositories in DEFAULT mode.
2023-12-21T11:49:19.312-03:00  INFO 7004 --- [           main] .s.d.r.c.RepositoryConfigurationDelegate : Finished Spring Data repository scanning in 11 ms. Found 1 JPA repository interfaces.
2023-12-21T11:49:19.374-03:00  INFO 7004 --- [           main] o.hibernate.jpa.internal.util.LogHelper  : HHH000204: Processing PersistenceUnitInfo [name: default]
2023-12-21T11:49:19.382-03:00  INFO 7004 --- [           main] o.s.o.j.p.SpringPersistenceUnitInfo      : No LoadTimeWeaver setup: ignoring JPA class transformer
2023-12-21T11:49:19.383-03:00  INFO 7004 --- [           main] com.zaxxer.hikari.HikariDataSource       : HikariPool-2 - Starting...
2023-12-21T11:49:19.393-03:00  INFO 7004 --- [           main] com.zaxxer.hikari.pool.HikariPool        : HikariPool-2 - Added connection com.mysql.cj.jdbc.ConnectionImpl@794c22cd
2023-12-21T11:49:19.393-03:00  INFO 7004 --- [           main] com.zaxxer.hikari.HikariDataSource       : HikariPool-2 - Start completed.
2023-12-21T11:49:19.394-03:00  WARN 7004 --- [           main] org.hibernate.orm.deprecation            : HHH90000025: MySQL8Dialect does not need to be specified explicitly using 'hibernate.dialect' (remove the property setting and it will be selected by default)
2023-12-21T11:49:19.394-03:00  WARN 7004 --- [           main] org.hibernate.orm.deprecation            : HHH90000026: MySQL8Dialect has been deprecated; use org.hibernate.dialect.MySQLDialect instead
2023-12-21T11:49:19.413-03:00  INFO 7004 --- [           main] o.h.e.t.j.p.i.JtaPlatformInitiator       : HHH000489: No JTA platform available (set 'hibernate.transaction.jta.platform' to enable JTA platform integration)
2023-12-21T11:49:19.419-03:00  INFO 7004 --- [           main] j.LocalContainerEntityManagerFactoryBean : Initialized JPA EntityManagerFactory for persistence unit 'default'
2023-12-21T11:49:19.471-03:00  WARN 7004 --- [           main] JpaBaseConfiguration$JpaWebConfiguration : spring.jpa.open-in-view is enabled by default. Therefore, database queries may be performed during view rendering. Explicitly configure spring.jpa.open-in-view to disable this warning
2023-12-21T11:49:19.558-03:00  INFO 7004 --- [           main] c.e.todoList.TodoListApplicationTests    : Started TodoListApplicationTests in 0.447 seconds (process running for 5.914)
]]></system-out>
  </testcase>
</testsuite>